# JRE version: Java(TM) SE Runtime Environment (8.0_112-b15) (build 1.8.0_112-b15)
# Java VM: Java HotSpot(TM) 64-Bit Server VM (25.112-b15 mixed mode windows-amd64 compressed oops)
Heap:
 PSYoungGen      total 54784K, used 21392K [0x00000007bc400000, 0x00000007c0000000, 0x00000007c0000000)
  eden space 48128K, 35% used [0x00000007bc400000,0x00000007bd4d27e0,0x00000007bf300000)
  from space 6656K, 62% used [0x00000007bf300000,0x00000007bf711b40,0x00000007bf980000)
  to   space 6656K, 0% used [0x00000007bf980000,0x00000007bf980000,0x00000007c0000000)
 ParOldGen       total 175616K, used 113022K [0x0000000700000000, 0x000000070ab80000, 0x00000007bc400000)
  object space 175616K, 64% used [0x0000000700000000,0x0000000706e5f880,0x000000070ab80000)
 Metaspace       used 87095K, capacity 87951K, committed 88704K, reserved 1124352K
  class space    used 12669K, capacity 12823K, committed 12928K, reserved 1048576K
GC Heap History (10 events):
Event: 2443.743 GC heap before
{Heap before GC invocations=316 (full 17):
 PSYoungGen      total 54784K, used 50567K [0x00000007bc400000, 0x00000007c0000000, 0x00000007c0000000)
  eden space 47616K, 100% used [0x00000007bc400000,0x00000007bf280000,0x00000007bf280000)
  from space 7168K, 41% used [0x00000007bf900000,0x00000007bfbe1de8,0x00000007c0000000)
  to   space 6656K, 0% used [0x00000007bf280000,0x00000007bf280000,0x00000007bf900000)
 ParOldGen       total 175616K, used 112778K [0x0000000700000000, 0x000000070ab80000, 0x00000007bc400000)
  object space 175616K, 64% used [0x0000000700000000,0x0000000706e229d8,0x000000070ab80000)
 Metaspace       used 87032K, capacity 87887K, committed 88704K, reserved 1124352K
  class space    used 12669K, capacity 12823K, committed 12928K, reserved 1048576K
Event: 2443.748 GC heap after
Heap after GC invocations=316 (full 17):
 PSYoungGen      total 54272K, used 2759K [0x00000007bc400000, 0x00000007c0000000, 0x00000007c0000000)
  eden space 47616K, 0% used [0x00000007bc400000,0x00000007bc400000,0x00000007bf280000)
  from space 6656K, 41% used [0x00000007bf280000,0x00000007bf531df8,0x00000007bf900000)
  to   space 6656K, 0% used [0x00000007bf980000,0x00000007bf980000,0x00000007c0000000)
 ParOldGen       total 175616K, used 112794K [0x0000000700000000, 0x000000070ab80000, 0x00000007bc400000)
  object space 175616K, 64% used [0x0000000700000000,0x0000000706e269d8,0x000000070ab80000)
 Metaspace       used 87032K, capacity 87887K, committed 88704K, reserved 1124352K
  class space    used 12669K, capacity 12823K, committed 12928K, reserved 1048576K
}
Event: 2444.223 GC heap before
{Heap before GC invocations=317 (full 17):
 PSYoungGen      total 54272K, used 50375K [0x00000007bc400000, 0x00000007c0000000, 0x00000007c0000000)
  eden space 47616K, 100% used [0x00000007bc400000,0x00000007bf280000,0x00000007bf280000)
  from space 6656K, 41% used [0x00000007bf280000,0x00000007bf531df8,0x00000007bf900000)
  to   space 6656K, 0% used [0x00000007bf980000,0x00000007bf980000,0x00000007c0000000)
 ParOldGen       total 175616K, used 112794K [0x0000000700000000, 0x000000070ab80000, 0x00000007bc400000)
  object space 175616K, 64% used [0x0000000700000000,0x0000000706e269d8,0x000000070ab80000)
 Metaspace       used 87034K, capacity 87887K, committed 88704K, reserved 1124352K
  class space    used 12669K, capacity 12823K, committed 12928K, reserved 1048576K
Event: 2444.229 GC heap after
Heap after GC invocations=317 (full 17):
 PSYoungGen      total 55296K, used 2843K [0x00000007bc400000, 0x00000007c0000000, 0x00000007c0000000)
  eden space 48640K, 0% used [0x00000007bc400000,0x00000007bc400000,0x00000007bf380000)
  from space 6656K, 42% used [0x00000007bf980000,0x00000007bfc46d38,0x00000007c0000000)
  to   space 6144K, 0% used [0x00000007bf380000,0x00000007bf380000,0x00000007bf980000)
 ParOldGen       total 175616K, used 112818K [0x0000000700000000, 0x000000070ab80000, 0x00000007bc400000)
  object space 175616K, 64% used [0x0000000700000000,0x0000000706e2c9d8,0x000000070ab80000)
 Metaspace       used 87034K, capacity 87887K, committed 88704K, reserved 1124352K
  class space    used 12669K, capacity 12823K, committed 12928K, reserved 1048576K
}
Event: 2444.645 GC heap before
{Heap before GC invocations=318 (full 17):
 PSYoungGen      total 55296K, used 51483K [0x00000007bc400000, 0x00000007c0000000, 0x00000007c0000000)
  eden space 48640K, 100% used [0x00000007bc400000,0x00000007bf380000,0x00000007bf380000)
  from space 6656K, 42% used [0x00000007bf980000,0x00000007bfc46d38,0x00000007c0000000)
  to   space 6144K, 0% used [0x00000007bf380000,0x00000007bf380000,0x00000007bf980000)
 ParOldGen       total 175616K, used 112818K [0x0000000700000000, 0x000000070ab80000, 0x00000007bc400000)
  object space 175616K, 64% used [0x0000000700000000,0x0000000706e2c9d8,0x000000070ab80000)
 Metaspace       used 87064K, capacity 87887K, committed 88704K, reserved 1124352K
  class space    used 12669K, capacity 12823K, committed 12928K, reserved 1048576K
Event: 2444.652 GC heap after
Heap after GC invocations=318 (full 17):
 PSYoungGen      total 54784K, used 4189K [0x00000007bc400000, 0x00000007c0000000, 0x00000007c0000000)
  eden space 48640K, 0% used [0x00000007bc400000,0x00000007bc400000,0x00000007bf380000)
  from space 6144K, 68% used [0x00000007bf380000,0x00000007bf797788,0x00000007bf980000)
  to   space 6656K, 0% used [0x00000007bf980000,0x00000007bf980000,0x00000007c0000000)
 ParOldGen       total 175616K, used 112874K [0x0000000700000000, 0x000000070ab80000, 0x00000007bc400000)
  object space 175616K, 64% used [0x0000000700000000,0x0000000706e3a9d8,0x000000070ab80000)
 Metaspace       used 87064K, capacity 87887K, committed 88704K, reserved 1124352K
  class space    used 12669K, capacity 12823K, committed 12928K, reserved 1048576K
}
Event: 2445.600 GC heap before
{Heap before GC invocations=319 (full 17):
 PSYoungGen      total 54784K, used 52829K [0x00000007bc400000, 0x00000007c0000000, 0x00000007c0000000)
  eden space 48640K, 99% used [0x00000007bc400000,0x00000007bf37ffa8,0x00000007bf380000)
  from space 6144K, 68% used [0x00000007bf380000,0x00000007bf797788,0x00000007bf980000)
  to   space 6656K, 0% used [0x00000007bf980000,0x00000007bf980000,0x00000007c0000000)
 ParOldGen       total 175616K, used 112874K [0x0000000700000000, 0x000000070ab80000, 0x00000007bc400000)
  object space 175616K, 64% used [0x0000000700000000,0x0000000706e3a9d8,0x000000070ab80000)
 Metaspace       used 87071K, capacity 87887K, committed 88704K, reserved 1124352K
  class space    used 12669K, capacity 12823K, committed 12928K, reserved 1048576K
Event: 2445.613 GC heap after
Heap after GC invocations=319 (full 17):
 PSYoungGen      total 54784K, used 4078K [0x00000007bc400000, 0x00000007c0000000, 0x00000007c0000000)
  eden space 48128K, 0% used [0x00000007bc400000,0x00000007bc400000,0x00000007bf300000)
  from space 6656K, 61% used [0x00000007bf980000,0x00000007bfd7b928,0x00000007c0000000)
  to   space 6656K, 0% used [0x00000007bf300000,0x00000007bf300000,0x00000007bf980000)
 ParOldGen       total 175616K, used 112906K [0x0000000700000000, 0x000000070ab80000, 0x00000007bc400000)
  object space 175616K, 64% used [0x0000000700000000,0x0000000706e429d8,0x000000070ab80000)
 Metaspace       used 87071K, capacity 87887K, committed 88704K, reserved 1124352K
  class space    used 12669K, capacity 12823K, committed 12928K, reserved 1048576K
}
Event: 2451.259 GC heap before
{Heap before GC invocations=320 (full 17):
 PSYoungGen      total 54784K, used 52206K [0x00000007bc400000, 0x00000007c0000000, 0x00000007c0000000)
  eden space 48128K, 100% used [0x00000007bc400000,0x00000007bf300000,0x00000007bf300000)
  from space 6656K, 61% used [0x00000007bf980000,0x00000007bfd7b928,0x00000007c0000000)
  to   space 6656K, 0% used [0x00000007bf300000,0x00000007bf300000,0x00000007bf980000)
 ParOldGen       total 175616K, used 112906K [0x0000000700000000, 0x000000070ab80000, 0x00000007bc400000)
  object space 175616K, 64% used [0x0000000700000000,0x0000000706e429d8,0x000000070ab80000)
 Metaspace       used 87086K, capacity 87951K, committed 88704K, reserved 1124352K
  class space    used 12669K, capacity 12823K, committed 12928K, reserved 1048576K
Event: 2451.273 GC heap after
Heap after GC invocations=320 (full 17):
 PSYoungGen      total 54784K, used 4166K [0x00000007bc400000, 0x00000007c0000000, 0x00000007c0000000)
  eden space 48128K, 0% used [0x00000007bc400000,0x00000007bc400000,0x00000007bf300000)
  from space 6656K, 62% used [0x00000007bf300000,0x00000007bf711b40,0x00000007bf980000)
  to   space 6656K, 0% used [0x00000007bf980000,0x00000007bf980000,0x00000007c0000000)
 ParOldGen       total 175616K, used 113022K [0x0000000700000000, 0x000000070ab80000, 0x00000007bc400000)
  object space 175616K, 64% used [0x0000000700000000,0x0000000706e5f880,0x000000070ab80000)
 Metaspace       used 87086K, capacity 87951K, committed 88704K, reserved 1124352K
  class space    used 12669K, capacity 12823K, committed 12928K, reserved 1048576K
}

